<testsuite failures="0" name="src/test/java/SmartBeings/login.feature" skipped="0" tests="4" time="10.264863">
  <testcase classname="src.test.java.SmartBeings.login" name="Testing the exact response of login" time="2.711479">
    <system-out>Given url 'https://dev.smartbeings.ai/v1/user/login' ...................... passed
And request {  "userName":"user4@test.com", "password": "password", "deviceId": "861107037615409"} . passed
When method POST .......................................................... passed
Then status 200 ........................................................... passed</system-out>
  </testcase>
  <testcase classname="src.test.java.SmartBeings.login" name="Testing the exact response of login" time="2.510296">
    <system-out>Given url 'https://dev.smartbeings.ai/v1/user/login' ...................... passed
And request {  "userName":"user4@test.com", "password": "password", "deviceId": "861107037615409"} . passed
When method POST .......................................................... passed
Then status 200 ........................................................... passed
Given url 'https://dev.smartbeings.ai/v1/user/login' ...................... passed
And request {  "userName":"vishnu", "password": "password", "deviceId": "kdfjasdfjdaks"} . passed
When method POST .......................................................... passed
Then status 401 ........................................................... passed</system-out>
  </testcase>
  <testcase classname="src.test.java.SmartBeings.login" name="Testing the exact response of login" time="2.331768">
    <system-out>Given url 'https://dev.smartbeings.ai/v1/user/login' ...................... passed
And request {  "userName":"user4@test.com", "password": "password", "deviceId": "861107037615409"} . passed
When method POST .......................................................... passed
Then status 200 ........................................................... passed
Given url 'https://dev.smartbeings.ai/v1/user/login' ...................... passed
And request {  "userName":"vishnu", "password": "password", "deviceId": "kdfjasdfjdaks"} . passed
When method POST .......................................................... passed
Then status 401 ........................................................... passed
Given url 'https://dev.smartbeings.ai/v1/user/login' ...................... passed
And request {  "userName":"user4@test.com", "password": "nothing", "deviceId": "hfsj"} . passed
When method POST .......................................................... passed
Then status 401 ........................................................... passed</system-out>
  </testcase>
  <testcase classname="src.test.java.SmartBeings.login" name="Testing the exact response of login" time="2.71132">
    <system-out>Given url 'https://dev.smartbeings.ai/v1/user/login' ...................... passed
And request {  "userName":"user4@test.com", "password": "password", "deviceId": "861107037615409"} . passed
When method POST .......................................................... passed
Then status 200 ........................................................... passed
Given url 'https://dev.smartbeings.ai/v1/user/login' ...................... passed
And request {  "userName":"vishnu", "password": "password", "deviceId": "kdfjasdfjdaks"} . passed
When method POST .......................................................... passed
Then status 401 ........................................................... passed
Given url 'https://dev.smartbeings.ai/v1/user/login' ...................... passed
And request {  "userName":"user4@test.com", "password": "nothing", "deviceId": "hfsj"} . passed
When method POST .......................................................... passed
Then status 401 ........................................................... passed
Given url 'https://dev.smartbeings.ai/v1/user/login' ...................... passed
And request {  "userName":"", "password": "", "deviceId": ""} ............. passed
When method POST .......................................................... passed
Then status 422 ........................................................... passed</system-out>
  </testcase>
</testsuite>
